# JRE version: OpenJDK Runtime Environment (17.0.6) (build 17.0.6+0-b2043.56-9586694)
# Java VM: OpenJDK 64-Bit Server VM (17.0.6+0-b2043.56-9586694, mixed mode, tiered, compressed oops, compressed class ptrs, g1 gc, windows-amd64)
GC Precious Log:
 CPUs: 12 total, 12 available
 Memory: 15711M
 Large Page Support: Disabled
 NUMA Support: Disabled
 Compressed Oops: Enabled (32-bit)
 Heap Region Size: 1M
 Heap Min Capacity: 8M
 Heap Initial Capacity: 246M
 Heap Max Capacity: 2G
 Pre-touch: Disabled
 Parallel Workers: 10
 Concurrent Workers: 3
 Concurrent Refinement Workers: 10
 Periodic GC: Disabled
Heap:
 garbage-first heap   total 300032K, used 137453K [0x0000000080000000, 0x0000000100000000)
  region size 1024K, 1 young (1024K), 1 survivors (1024K)
 Metaspace       used 123607K, committed 124544K, reserved 1163264K
  class space    used 16983K, committed 17408K, reserved 1048576K
GC Heap History (20 events):
Event: 354.864 GC heap after
{Heap after GC invocations=51 (full 0):
 garbage-first heap   total 296960K, used 99844K [0x0000000080000000, 0x0000000100000000)
  region size 1024K, 2 young (2048K), 2 survivors (2048K)
 Metaspace       used 87777K, committed 88512K, reserved 1130496K
  class space    used 12001K, committed 12352K, reserved 1048576K
}
Event: 355.760 GC heap before
{Heap before GC invocations=51 (full 0):
 garbage-first heap   total 296960K, used 190980K [0x0000000080000000, 0x0000000100000000)
  region size 1024K, 93 young (95232K), 2 survivors (2048K)
 Metaspace       used 96106K, committed 96832K, reserved 1138688K
  class space    used 13002K, committed 13376K, reserved 1048576K
}
Event: 355.766 GC heap after
{Heap after GC invocations=52 (full 0):
 garbage-first heap   total 296960K, used 108974K [0x0000000080000000, 0x0000000100000000)
  region size 1024K, 11 young (11264K), 11 survivors (11264K)
 Metaspace       used 96106K, committed 96832K, reserved 1138688K
  class space    used 13002K, committed 13376K, reserved 1048576K
}
Event: 357.062 GC heap before
{Heap before GC invocations=53 (full 0):
 garbage-first heap   total 296960K, used 232878K [0x0000000080000000, 0x0000000100000000)
  region size 1024K, 131 young (134144K), 11 survivors (11264K)
 Metaspace       used 107600K, committed 108416K, reserved 1146880K
  class space    used 14649K, committed 15040K, reserved 1048576K
}
Event: 357.067 GC heap after
{Heap after GC invocations=54 (full 0):
 garbage-first heap   total 296960K, used 113458K [0x0000000080000000, 0x0000000100000000)
  region size 1024K, 6 young (6144K), 6 survivors (6144K)
 Metaspace       used 107600K, committed 108416K, reserved 1146880K
  class space    used 14649K, committed 15040K, reserved 1048576K
}
Event: 357.126 GC heap before
{Heap before GC invocations=54 (full 0):
 garbage-first heap   total 296960K, used 120626K [0x0000000080000000, 0x0000000100000000)
  region size 1024K, 14 young (14336K), 6 survivors (6144K)
 Metaspace       used 109404K, committed 110144K, reserved 1146880K
  class space    used 15006K, committed 15360K, reserved 1048576K
}
Event: 357.130 GC heap after
{Heap after GC invocations=55 (full 0):
 garbage-first heap   total 296960K, used 110527K [0x0000000080000000, 0x0000000100000000)
  region size 1024K, 2 young (2048K), 2 survivors (2048K)
 Metaspace       used 109404K, committed 110144K, reserved 1146880K
  class space    used 15006K, committed 15360K, reserved 1048576K
}
Event: 358.067 GC heap before
{Heap before GC invocations=55 (full 0):
 garbage-first heap   total 296960K, used 202687K [0x0000000080000000, 0x0000000100000000)
  region size 1024K, 94 young (96256K), 2 survivors (2048K)
 Metaspace       used 121458K, committed 122304K, reserved 1155072K
  class space    used 16885K, committed 17280K, reserved 1048576K
}
Event: 358.072 GC heap after
{Heap after GC invocations=56 (full 0):
 garbage-first heap   total 296960K, used 115854K [0x0000000080000000, 0x0000000100000000)
  region size 1024K, 7 young (7168K), 7 survivors (7168K)
 Metaspace       used 121458K, committed 122304K, reserved 1155072K
  class space    used 16885K, committed 17280K, reserved 1048576K
}
Event: 442.737 GC heap before
{Heap before GC invocations=57 (full 0):
 garbage-first heap   total 296960K, used 270478K [0x0000000080000000, 0x0000000100000000)
  region size 1024K, 129 young (132096K), 7 survivors (7168K)
 Metaspace       used 122195K, committed 122944K, reserved 1155072K
  class space    used 16927K, committed 17280K, reserved 1048576K
}
Event: 442.749 GC heap after
{Heap after GC invocations=58 (full 0):
 garbage-first heap   total 300032K, used 138644K [0x0000000080000000, 0x0000000100000000)
  region size 1024K, 17 young (17408K), 17 survivors (17408K)
 Metaspace       used 122195K, committed 122944K, reserved 1155072K
  class space    used 16927K, committed 17280K, reserved 1048576K
}
Event: 442.755 GC heap before
{Heap before GC invocations=58 (full 0):
 garbage-first heap   total 300032K, used 139668K [0x0000000080000000, 0x0000000100000000)
  region size 1024K, 18 young (18432K), 17 survivors (17408K)
 Metaspace       used 122199K, committed 122944K, reserved 1155072K
  class space    used 16927K, committed 17280K, reserved 1048576K
}
Event: 442.762 GC heap after
{Heap after GC invocations=59 (full 0):
 garbage-first heap   total 300032K, used 139209K [0x0000000080000000, 0x0000000100000000)
  region size 1024K, 2 young (2048K), 2 survivors (2048K)
 Metaspace       used 122199K, committed 122944K, reserved 1155072K
  class space    used 16927K, committed 17280K, reserved 1048576K
}
Event: 514.261 GC heap before
{Heap before GC invocations=59 (full 0):
 garbage-first heap   total 300032K, used 235465K [0x0000000080000000, 0x0000000100000000)
  region size 1024K, 96 young (98304K), 2 survivors (2048K)
 Metaspace       used 122914K, committed 123840K, reserved 1163264K
  class space    used 16980K, committed 17408K, reserved 1048576K
}
Event: 514.268 GC heap after
{Heap after GC invocations=60 (full 0):
 garbage-first heap   total 300032K, used 147838K [0x0000000080000000, 0x0000000100000000)
  region size 1024K, 11 young (11264K), 11 survivors (11264K)
 Metaspace       used 122914K, committed 123840K, reserved 1163264K
  class space    used 16980K, committed 17408K, reserved 1048576K
}
Event: 514.895 GC heap before
{Heap before GC invocations=61 (full 0):
 garbage-first heap   total 300032K, used 235902K [0x0000000080000000, 0x0000000100000000)
  region size 1024K, 98 young (100352K), 11 survivors (11264K)
 Metaspace       used 123161K, committed 124096K, reserved 1163264K
  class space    used 16979K, committed 17408K, reserved 1048576K
}
Event: 514.900 GC heap after
{Heap after GC invocations=62 (full 0):
 garbage-first heap   total 300032K, used 151407K [0x0000000080000000, 0x0000000100000000)
  region size 1024K, 4 young (4096K), 4 survivors (4096K)
 Metaspace       used 123161K, committed 124096K, reserved 1163264K
  class space    used 16979K, committed 17408K, reserved 1048576K
}
Event: 514.914 GC heap before
{Heap before GC invocations=62 (full 0):
 garbage-first heap   total 300032K, used 161647K [0x0000000080000000, 0x0000000100000000)
  region size 1024K, 14 young (14336K), 4 survivors (4096K)
 Metaspace       used 123186K, committed 124096K, reserved 1163264K
  class space    used 16980K, committed 17408K, reserved 1048576K
}
Event: 514.921 GC heap after
{Heap after GC invocations=63 (full 0):
 garbage-first heap   total 300032K, used 138115K [0x0000000080000000, 0x0000000100000000)
  region size 1024K, 2 young (2048K), 2 survivors (2048K)
 Metaspace       used 123186K, committed 124096K, reserved 1163264K
  class space    used 16980K, committed 17408K, reserved 1048576K
}
Event: 515.119 GC heap before
{Heap before GC invocations=63 (full 0):
 garbage-first heap   total 300032K, used 162691K [0x0000000080000000, 0x0000000100000000)
  region size 1024K, 28 young (28672K), 2 survivors (2048K)
 Metaspace       used 123607K, committed 124544K, reserved 1163264K
  class space    used 16983K, committed 17408K, reserved 1048576K
}

